0 info it worked if it ends with ok
1 verbose cli [ 'node', '/usr/local/bin/npm', 'publish', '.' ]
2 info using npm@2.7.1
3 info using node@v0.10.25
4 verbose node symlink /usr/bin/node
5 verbose publish [ '.' ]
6 verbose stack Error: Failed to parse json
6 verbose stack Trailing comma in object at 7:3
6 verbose stack   },
6 verbose stack   ^
6 verbose stack     at parseError (/usr/local/lib/node_modules/npm/node_modules/read-package-json/read-json.js:406:25)
6 verbose stack     at parseJson (/usr/local/lib/node_modules/npm/node_modules/read-package-json/read-json.js:86:51)
6 verbose stack     at /usr/local/lib/node_modules/npm/node_modules/read-package-json/read-json.js:60:33
6 verbose stack     at evalmachine.<anonymous>:268:14
6 verbose stack     at /usr/local/lib/node_modules/npm/node_modules/graceful-fs/graceful-fs.js:102:5
6 verbose stack     at Object.oncomplete (evalmachine.<anonymous>:107:15)
7 verbose cwd /home/james/Projects/remoting.io-client
8 error Linux 3.13.0-24-generic
9 error argv "node" "/usr/local/bin/npm" "publish" "."
10 error node v0.10.25
11 error npm  v2.7.1
12 error file /home/james/Projects/remoting.io-client/package.json
13 error code EJSONPARSE
14 error Failed to parse json
14 error Trailing comma in object at 7:3
14 error   },
14 error   ^
15 error File: /home/james/Projects/remoting.io-client/package.json
16 error Failed to parse package.json data.
16 error package.json must be actual JSON, not just JavaScript.
16 error
16 error This is not a bug in npm.
16 error Tell the package author to fix their package.json file. JSON.parse
17 verbose exit [ 1, true ]
